<?xml version="1.0" encoding="UTF-8"?>
<!-- Generated by org.testng.reporters.JUnitReportReporter -->
<testsuite hostname="DESKTOP-AJQ004P" failures="0" tests="2" name="runner.TestRunner" time="8.047" errors="0" timestamp="2025-06-22T16:51:55 IST" skipped="0">
  <testcase classname="runner.TestRunner" name="runScenario" time="6.767"/>
  <testcase classname="runner.TestRunner" name="runScenario" time="1.280"/>
</testsuite> <!-- runner.TestRunner -->
