<?xml version="1.0" encoding="UTF-8"?>
<!-- Generated by org.testng.reporters.JUnitReportReporter -->
<testsuite hostname="DESKTOP-AJQ004P" failures="0" tests="2" name="runner.TestRunner" time="20.266" errors="0" timestamp="2025-10-22T13:05:14 IST" skipped="0">
  <testcase classname="runner.TestRunner" name="runScenario" time="2.113"/>
  <testcase classname="runner.TestRunner" name="runScenario" time="18.153"/>
</testsuite> <!-- runner.TestRunner -->
