<?xml version="1.0" encoding="UTF-8"?>
<!-- Generated by org.testng.reporters.JUnitReportReporter -->
<testsuite hostname="DESKTOP-AJQ004P" failures="0" tests="2" name="runner.TestRunner" time="9.563" errors="0" timestamp="2025-06-29T16:37:05 IST" skipped="0">
  <testcase classname="runner.TestRunner" name="runScenario" time="8.105"/>
  <testcase classname="runner.TestRunner" name="runScenario" time="1.458"/>
</testsuite> <!-- runner.TestRunner -->
