<?xml version="1.0" encoding="UTF-8"?>
<!-- Generated by org.testng.reporters.JUnitReportReporter -->
<testsuite hostname="DESKTOP-AJQ004P" failures="0" tests="2" name="runner.TestRunner" time="10.142" errors="0" timestamp="2025-07-06T15:26:24 IST" skipped="0">
  <testcase classname="runner.TestRunner" name="runScenario" time="8.739"/>
  <testcase classname="runner.TestRunner" name="runScenario" time="1.403"/>
</testsuite> <!-- runner.TestRunner -->
